     1                                  ; hello.asm
     2                                  ; Simple "Hello, World!" project on NASM x64
     3                                  
     4                                  extern printf
     5                                  
     6                                  section .data
     7 00000000 48656C6C6F2C20576F-     	msg		db	"Hello, World!",10,0	; db - size for data, 10 = "\n"
     7 00000009 726C64210A00       
     8                                  
     9                                  section .bss
    10                                  	; not used in this project
    11                                  
    12                                  section .text
    13                                  	global main				; flag for CPU
    14                                  
    15                                  	main:
    16 00000000 55                      		push rbp			; start application
    17 00000001 4889E5                  		mov rbp, rsp
    18                                  
    19 00000004 48BF-                   		mov rdi, msg 		; push msg to rdi
    19 00000006 [0000000000000000] 
    20 0000000E B800000000              		mov rax, 0			; not used xmm registers
    21 00000013 E8(00000000)            		call printf 		; print on console
    22                                  
    23 00000018 4889EC                  		mov rsp, rbp 		; close application
    24 0000001B 5D                      		pop rbp
